

Started GET "/" for ::1 at 2017-12-30 11:17:02 -0600
Processing by RecipesController#index as HTML
  Rendered recipes/index.html.erb within layouts/application (26.7ms)
Completed 200 OK in 2081ms (Views: 568.1ms | ActiveRecord: 0.0ms)


Started GET "/assets/recipes.self-1a9714fbd13744ea85dfc5d3b2e2102489de9bb284d406cdf03743049ce73945.css?body=1" for ::1 at 2017-12-30 11:17:05 -0600


Started GET "/assets/recipes.self-877aef30ae1b040ab8a3aba4e3e309a11d7f2612f44dde450b5c157aa5f95c05.js?body=1" for ::1 at 2017-12-30 11:17:05 -0600


Started GET "/" for ::1 at 2017-12-30 11:20:15 -0600
Processing by RecipesController#index as HTML
  Rendered recipes/index.html.erb within layouts/application (12.6ms)
Completed 200 OK in 1165ms (Views: 290.0ms | ActiveRecord: 0.0ms)


Started GET "/" for ::1 at 2017-12-30 11:20:17 -0600
Processing by RecipesController#index as HTML
  Rendered recipes/index.html.erb within layouts/application (9.7ms)
Completed 200 OK in 773ms (Views: 22.4ms | ActiveRecord: 0.0ms)


Started GET "/recipes/index" for ::1 at 2017-12-30 11:27:05 -0600
Processing by RecipesController#index as HTML
  Rendered recipes/index.html.erb within layouts/application (89.2ms)
Completed 200 OK in 861ms (Views: 126.9ms | ActiveRecord: 0.0ms)


Started GET "/recipes/index?search=swiss" for ::1 at 2017-12-30 11:27:16 -0600
Processing by RecipesController#index as HTML
  Parameters: {"search"=>"swiss"}
  Rendered recipes/index.html.erb within layouts/application (11.2ms)
Completed 200 OK in 826ms (Views: 25.2ms | ActiveRecord: 0.0ms)


Started GET "/recipes/index?search=swiss" for ::1 at 2017-12-30 11:30:40 -0600
Processing by RecipesController#index as HTML
  Parameters: {"search"=>"swiss"}
  Rendered recipes/index.html.erb within layouts/application (10.5ms)
Completed 200 OK in 850ms (Views: 47.0ms | ActiveRecord: 0.0ms)


Started GET "/recipes/index" for ::1 at 2017-12-30 11:30:44 -0600
Processing by RecipesController#index as HTML
  Rendered recipes/index.html.erb within layouts/application (9.8ms)
Completed 200 OK in 797ms (Views: 25.4ms | ActiveRecord: 0.0ms)


Started GET "/recipes/index?search=chinese" for ::1 at 2017-12-30 11:30:53 -0600
Processing by RecipesController#index as HTML
  Parameters: {"search"=>"chinese"}
  Rendered recipes/index.html.erb within layouts/application (13.6ms)
Completed 200 OK in 1136ms (Views: 36.5ms | ActiveRecord: 0.0ms)


Started GET "/?search=mocha" for ::1 at 2017-12-30 12:06:49 -0600
Processing by RecipesController#index as HTML
  Parameters: {"search"=>"mocha"}
  Rendered recipes/index.html.erb within layouts/application (28.2ms)
Completed 200 OK in 1511ms (Views: 313.2ms | ActiveRecord: 0.0ms)


Started GET "/assets/recipes.self-1a9714fbd13744ea85dfc5d3b2e2102489de9bb284d406cdf03743049ce73945.css?body=1" for ::1 at 2017-12-30 12:06:51 -0600


Started GET "/assets/jquery.self-bd7ddd393353a8d2480a622e80342adf488fb6006d667e8b42e4c0073393abee.js?body=1" for ::1 at 2017-12-30 12:06:51 -0600


Started GET "/assets/application.self-3b8dabdc891efe46b9a144b400ad69e37d7e5876bdc39dee783419a69d7ca819.js?body=1" for ::1 at 2017-12-30 12:06:51 -0600


Started GET "/assets/application.self-e80e8f2318043e8af94dddc2adad5a4f09739a8ebb323b3ab31cd71d45fd9113.css?body=1" for ::1 at 2017-12-30 12:06:51 -0600


Started GET "/assets/jquery_ujs.self-784a997f6726036b1993eb2217c9cb558e1cbb801c6da88105588c56f13b466a.js?body=1" for ::1 at 2017-12-30 12:06:51 -0600


Started GET "/assets/turbolinks.self-1d1fddf91adc38ac2045c51f0a3e05ca97d07d24d15a4dcbf705009106489e69.js?body=1" for ::1 at 2017-12-30 12:06:51 -0600


Started GET "/assets/recipes.self-877aef30ae1b040ab8a3aba4e3e309a11d7f2612f44dde450b5c157aa5f95c05.js?body=1" for ::1 at 2017-12-30 12:06:51 -0600


Started GET "/" for ::1 at 2017-12-30 12:06:53 -0600
Processing by RecipesController#index as HTML
  Rendered recipes/index.html.erb within layouts/application (0.1ms)
Completed 200 OK in 275ms (Views: 15.5ms | ActiveRecord: 0.0ms)


Started GET "/" for ::1 at 2017-12-30 12:06:56 -0600
Processing by RecipesController#index as HTML
  Rendered recipes/index.html.erb within layouts/application (0.1ms)
Completed 200 OK in 230ms (Views: 35.9ms | ActiveRecord: 0.0ms)


Started GET "/" for ::1 at 2017-12-30 12:06:56 -0600
Processing by RecipesController#index as HTML
  Rendered recipes/index.html.erb within layouts/application (0.1ms)
Completed 200 OK in 210ms (Views: 28.6ms | ActiveRecord: 0.0ms)


Started GET "/" for ::1 at 2017-12-30 12:06:58 -0600
Processing by RecipesController#index as HTML
  Rendered recipes/index.html.erb within layouts/application (0.0ms)
Completed 200 OK in 226ms (Views: 21.6ms | ActiveRecord: 0.0ms)


Started GET "/" for ::1 at 2017-12-30 12:07:01 -0600
Processing by RecipesController#index as HTML
  Rendered recipes/index.html.erb within layouts/application (0.0ms)
Completed 200 OK in 384ms (Views: 12.8ms | ActiveRecord: 0.0ms)


Started GET "/?search=mocha" for ::1 at 2017-12-30 12:07:37 -0600
Processing by RecipesController#index as HTML
  Parameters: {"search"=>"mocha"}
  Rendered recipes/index.html.erb within layouts/application (10.9ms)
Completed 200 OK in 1173ms (Views: 25.5ms | ActiveRecord: 0.0ms)


Started GET "/assets/recipes.self-1a9714fbd13744ea85dfc5d3b2e2102489de9bb284d406cdf03743049ce73945.css?body=1" for ::1 at 2017-12-30 12:07:38 -0600


Started GET "/assets/jquery.self-bd7ddd393353a8d2480a622e80342adf488fb6006d667e8b42e4c0073393abee.js?body=1" for ::1 at 2017-12-30 12:07:38 -0600


Started GET "/assets/application.self-e80e8f2318043e8af94dddc2adad5a4f09739a8ebb323b3ab31cd71d45fd9113.css?body=1" for ::1 at 2017-12-30 12:07:38 -0600


Started GET "/assets/jquery_ujs.self-784a997f6726036b1993eb2217c9cb558e1cbb801c6da88105588c56f13b466a.js?body=1" for ::1 at 2017-12-30 12:07:38 -0600


Started GET "/assets/application.self-3b8dabdc891efe46b9a144b400ad69e37d7e5876bdc39dee783419a69d7ca819.js?body=1" for ::1 at 2017-12-30 12:07:38 -0600


Started GET "/assets/recipes.self-877aef30ae1b040ab8a3aba4e3e309a11d7f2612f44dde450b5c157aa5f95c05.js?body=1" for ::1 at 2017-12-30 12:07:38 -0600


Started GET "/assets/turbolinks.self-1d1fddf91adc38ac2045c51f0a3e05ca97d07d24d15a4dcbf705009106489e69.js?body=1" for ::1 at 2017-12-30 12:07:38 -0600


Started GET "/" for ::1 at 2017-12-30 12:07:40 -0600
Processing by RecipesController#index as HTML
  Rendered recipes/index.html.erb within layouts/application (8.1ms)
Completed 200 OK in 775ms (Views: 21.7ms | ActiveRecord: 0.0ms)


Started GET "/" for ::1 at 2017-12-30 12:07:41 -0600
Processing by RecipesController#index as HTML
  Rendered recipes/index.html.erb within layouts/application (10.1ms)
Completed 200 OK in 779ms (Views: 28.2ms | ActiveRecord: 0.0ms)


Started GET "/" for ::1 at 2017-12-30 12:07:42 -0600
Processing by RecipesController#index as HTML
  Rendered recipes/index.html.erb within layouts/application (9.1ms)
Completed 200 OK in 767ms (Views: 21.2ms | ActiveRecord: 0.0ms)


Started GET "/" for ::1 at 2017-12-30 12:07:43 -0600
Processing by RecipesController#index as HTML
  Rendered recipes/index.html.erb within layouts/application (8.8ms)
Completed 200 OK in 766ms (Views: 22.0ms | ActiveRecord: 0.0ms)


Started GET "/" for ::1 at 2017-12-30 12:07:43 -0600
Processing by RecipesController#index as HTML
  Rendered recipes/index.html.erb within layouts/application (9.7ms)
Completed 200 OK in 763ms (Views: 24.4ms | ActiveRecord: 0.0ms)
